SF:lib\data\datasources\televisi_data_lokal_source.dart
DA:17,1
DA:19,1
DA:22,2
DA:25,2
DA:29,1
DA:32,2
DA:35,2
DA:39,1
DA:41,2
DA:43,1
DA:49,1
DA:51,2
DA:52,4
LF:13
LH:13
end_of_record
SF:lib\data\models\televisi_table.dart
DA:12,2
DA:13,10
DA:15,2
DA:22,2
DA:23,1
DA:24,1
DA:25,1
DA:26,1
DA:29,2
DA:30,1
DA:31,1
DA:32,1
DA:33,1
DA:36,0
DA:37,0
DA:38,0
DA:39,0
DA:40,0
DA:43,2
DA:44,1
DA:45,1
DA:46,1
DA:47,1
LF:23
LH:18
end_of_record
SF:lib\domain\entities\genre_televisi.dart
DA:4,6
DA:12,2
DA:13,6
LF:3
LH:3
end_of_record
SF:lib\domain\entities\televisi.dart
DA:4,5
DA:20,1
DA:41,2
DA:42,2
DA:43,2
DA:44,2
DA:45,2
DA:46,2
DA:47,2
DA:48,2
DA:49,2
DA:50,2
DA:51,2
DA:52,2
DA:53,2
DA:54,2
DA:55,2
LF:17
LH:17
end_of_record
SF:lib\domain\entities\televisi_detail.dart
DA:6,6
DA:36,2
DA:37,2
DA:38,2
DA:39,2
DA:40,2
DA:41,2
DA:42,2
DA:43,2
DA:44,2
DA:45,2
DA:46,2
DA:47,2
DA:48,2
LF:14
LH:14
end_of_record
SF:lib\data\datasources\db\database_televisi_helper.dart
DA:10,0
DA:14,0
DA:15,0
DA:19,0
DA:21,0
DA:28,0
DA:29,0
DA:30,0
DA:32,0
DA:36,0
DA:37,0
DA:44,0
DA:47,0
DA:48,0
DA:49,0
DA:52,0
DA:53,0
DA:54,0
DA:57,0
DA:61,0
DA:62,0
DA:63,0
DA:66,0
DA:69,0
DA:70,0
DA:76,0
DA:77,0
DA:79,0
LF:28
LH:0
end_of_record
SF:lib\data\datasources\televisi_data_remote_source.dart
DA:23,1
DA:25,1
DA:28,4
DA:30,2
DA:31,4
DA:33,1
DA:37,1
DA:39,4
DA:41,2
DA:42,3
DA:44,1
DA:48,1
DA:50,1
DA:51,3
DA:53,2
DA:54,4
DA:56,1
DA:60,1
DA:63,4
DA:65,2
DA:66,4
DA:68,1
DA:72,1
DA:75,4
DA:77,2
DA:78,4
DA:80,1
DA:84,1
DA:86,1
DA:87,3
DA:89,2
DA:90,4
DA:92,1
LF:33
LH:33
end_of_record
SF:lib\data\models\televisi_detail_model.dart
DA:7,2
DA:45,1
DA:46,1
DA:47,1
DA:48,1
DA:49,4
DA:50,1
DA:51,1
DA:52,1
DA:53,1
DA:54,1
DA:55,2
DA:56,1
DA:57,1
DA:58,1
DA:59,1
DA:60,1
DA:61,1
DA:62,1
DA:63,2
DA:64,1
DA:67,0
DA:68,0
DA:69,0
DA:70,0
DA:71,0
DA:72,0
DA:73,0
DA:74,0
DA:75,0
DA:76,0
DA:77,0
DA:78,0
DA:79,0
DA:80,0
DA:81,0
DA:82,0
DA:83,0
DA:84,0
DA:87,1
DA:88,1
DA:89,1
DA:90,5
DA:91,1
DA:92,1
DA:93,1
DA:94,1
DA:95,1
DA:96,1
DA:97,1
DA:98,1
DA:99,1
DA:100,1
DA:101,1
DA:104,1
DA:106,1
DA:107,1
DA:108,1
DA:109,1
DA:110,1
DA:111,1
DA:112,1
DA:113,1
DA:114,1
DA:115,1
DA:116,1
DA:117,1
DA:118,1
DA:119,1
DA:120,1
DA:121,1
DA:122,1
DA:123,1
LF:73
LH:55
end_of_record
SF:lib\data\models\televisi_model.dart
DA:6,2
DA:36,2
DA:37,2
DA:38,0
DA:39,1
DA:40,1
DA:41,4
DA:42,1
DA:43,1
DA:44,1
DA:45,2
DA:46,1
DA:47,4
DA:48,1
DA:49,1
DA:50,2
DA:51,1
DA:54,0
DA:56,0
DA:57,0
DA:58,0
DA:59,0
DA:60,0
DA:61,0
DA:62,0
DA:63,0
DA:64,0
DA:65,0
DA:66,0
DA:67,0
DA:68,0
DA:71,1
DA:72,1
DA:73,1
DA:74,1
DA:75,1
DA:76,1
DA:77,1
DA:78,1
DA:79,1
DA:80,1
DA:81,1
DA:82,1
DA:83,1
DA:84,1
DA:85,1
DA:89,1
DA:91,1
DA:92,1
DA:93,1
DA:94,1
DA:95,1
DA:96,1
DA:97,1
DA:98,1
DA:99,1
DA:100,1
DA:101,1
DA:102,1
DA:103,1
DA:104,1
LF:61
LH:46
end_of_record
SF:lib\data\models\televisi_respon.dart
DA:8,1
DA:10,2
DA:11,2
DA:12,3
DA:13,3
DA:16,0
DA:17,0
DA:20,0
DA:21,0
LF:9
LH:5
end_of_record
SF:lib\data\models\genre_model_televisi.dart
DA:6,2
DA:14,2
DA:15,1
DA:16,1
DA:19,0
DA:20,0
DA:21,0
DA:24,1
DA:25,3
DA:28,1
DA:29,3
LF:11
LH:8
end_of_record
SF:lib\data\repositories\televisi_repository_impl.dart
DA:19,1
DA:24,1
DA:27,2
DA:28,5
DA:29,1
DA:30,2
DA:31,1
DA:32,2
DA:36,1
DA:39,2
DA:40,2
DA:41,1
DA:42,2
DA:43,1
DA:44,2
DA:48,1
DA:51,2
DA:52,3
DA:53,1
DA:54,2
DA:55,1
DA:56,2
DA:60,1
DA:63,2
DA:64,5
DA:65,1
DA:66,2
DA:67,1
DA:68,2
DA:72,1
DA:75,2
DA:76,5
DA:77,1
DA:78,2
DA:79,1
DA:80,2
DA:84,1
DA:87,2
DA:88,5
DA:89,1
DA:90,2
DA:91,1
DA:92,2
DA:96,1
DA:100,3
DA:101,1
DA:102,1
DA:103,3
DA:109,1
DA:113,3
DA:114,1
DA:115,1
DA:116,3
DA:120,1
DA:122,2
DA:126,1
DA:128,2
DA:129,5
LF:58
LH:58
end_of_record
SF:lib\domain\usecases\get_now_playing_televisi.dart
DA:9,1
DA:11,1
DA:12,2
LF:3
LH:3
end_of_record
SF:lib\domain\usecases\get_popular_televisi.dart
DA:9,1
DA:11,1
DA:12,2
LF:3
LH:3
end_of_record
SF:lib\domain\usecases\get_televisi_detail.dart
DA:9,1
DA:11,1
DA:12,2
LF:3
LH:3
end_of_record
SF:lib\domain\usecases\get_televisi_recommendations.dart
DA:9,1
DA:11,1
DA:12,2
LF:3
LH:3
end_of_record
SF:lib\domain\usecases\get_top_rated_televisi.dart
DA:9,1
DA:11,1
DA:12,2
LF:3
LH:3
end_of_record
SF:lib\domain\usecases\get_watchlist_status_televisi.dart
DA:6,1
DA:8,1
DA:9,2
LF:3
LH:3
end_of_record
SF:lib\domain\usecases\get_watchlist_televisi.dart
DA:9,1
DA:11,1
DA:12,2
LF:3
LH:3
end_of_record
SF:lib\domain\usecases\remove_watchlist_televisi.dart
DA:9,1
DA:11,1
DA:12,2
LF:3
LH:3
end_of_record
SF:lib\domain\usecases\save_watchlist_televisi.dart
DA:9,1
DA:11,1
DA:12,2
LF:3
LH:3
end_of_record
SF:lib\domain\usecases\search_televisi.dart
DA:9,1
DA:11,1
DA:12,2
LF:3
LH:3
end_of_record
SF:lib\module_televisi.dart
DA:6,2
LF:1
LH:1
end_of_record
SF:lib\presentation\bloc\televisi_event.dart
DA:4,5
DA:6,0
DA:7,0
DA:23,1
DA:25,0
DA:26,0
DA:33,2
DA:35,0
DA:36,0
DA:43,2
DA:45,0
DA:46,0
DA:56,1
DA:58,0
DA:59,0
DA:66,1
DA:68,0
DA:69,0
DA:76,2
DA:78,0
DA:79,0
LF:21
LH:7
end_of_record
SF:lib\presentation\bloc\televisi_bloc.dart
DA:24,3
DA:25,2
DA:26,2
DA:27,2
DA:28,1
DA:29,4
DA:30,3
DA:39,3
DA:40,2
DA:41,2
DA:42,2
DA:43,1
DA:44,4
DA:45,3
DA:55,3
DA:56,2
DA:57,2
DA:59,2
DA:61,1
DA:62,4
DA:63,3
DA:73,1
DA:74,3
DA:77,3
DA:78,1
DA:79,1
DA:80,1
DA:81,2
DA:82,2
DA:83,1
DA:84,4
DA:85,3
DA:88,1
DA:97,1
DA:98,2
DA:99,2
DA:100,1
DA:101,2
DA:102,2
DA:104,1
DA:105,4
DA:106,3
DA:116,3
DA:117,2
DA:118,1
DA:120,2
DA:122,2
DA:124,1
DA:125,4
DA:126,3
DA:142,1
DA:147,2
DA:149,2
DA:150,2
DA:151,2
DA:153,1
DA:154,4
DA:155,3
DA:160,2
DA:161,1
DA:163,2
DA:165,2
DA:166,2
DA:170,2
DA:171,1
DA:172,2
DA:174,2
DA:176,1
DA:177,4
DA:178,3
DA:182,2
DA:183,1
DA:185,2
DA:187,2
DA:189,1
DA:190,4
DA:191,3
LF:77
LH:77
end_of_record
SF:lib\presentation\bloc\televisi_state.dart
DA:4,8
DA:6,1
DA:7,1
DA:20,4
DA:22,1
DA:23,2
DA:30,3
DA:32,1
DA:33,2
DA:40,2
DA:42,1
DA:43,2
DA:50,1
DA:52,1
DA:53,2
DA:60,1
DA:62,1
DA:63,2
DA:70,2
DA:72,1
DA:73,2
DA:80,3
DA:82,1
DA:83,2
LF:24
LH:24
end_of_record
SF:lib\presentation\pages\popular_televisi_page.dart
DA:9,1
DA:11,1
DA:12,1
DA:16,1
DA:18,1
DA:19,1
DA:20,5
DA:23,1
DA:25,1
DA:26,1
DA:29,1
DA:31,1
DA:32,1
DA:33,1
DA:37,1
DA:38,1
DA:39,1
DA:40,2
DA:41,1
DA:43,2
DA:45,1
DA:46,1
DA:48,2
LF:23
LH:23
end_of_record
SF:lib\presentation\widgets\televisi_card_list.dart
DA:11,2
DA:13,2
DA:15,2
DA:17,2
DA:18,0
DA:19,0
DA:22,0
DA:25,2
DA:27,2
DA:28,2
DA:29,2
DA:35,2
DA:37,2
DA:38,2
DA:39,4
DA:42,2
DA:44,2
DA:45,2
DA:46,4
DA:54,2
DA:59,2
DA:60,2
DA:61,6
DA:63,4
DA:64,2
DA:66,0
DA:68,4
LF:27
LH:23
end_of_record
SF:lib\presentation\pages\televisi_detail_page.dart
DA:16,1
DA:18,1
DA:19,1
DA:23,1
DA:25,1
DA:26,2
DA:27,6
DA:28,3
DA:29,3
DA:31,3
DA:32,3
DA:37,1
DA:40,2
DA:41,1
DA:42,1
DA:43,0
DA:45,1
DA:49,2
DA:50,1
DA:51,1
DA:52,1
DA:57,1
DA:58,1
DA:59,1
DA:60,1
DA:64,1
DA:65,1
DA:66,1
DA:67,1
DA:72,0
DA:73,0
DA:74,0
DA:92,1
DA:96,1
DA:98,3
DA:99,1
DA:100,1
DA:101,1
DA:102,3
DA:104,1
DA:107,0
DA:109,1
DA:111,1
DA:112,1
DA:113,1
DA:123,1
DA:124,1
DA:125,1
DA:127,1
DA:129,1
DA:131,1
DA:132,1
DA:133,2
DA:134,1
DA:136,1
DA:137,0
DA:138,0
DA:140,0
DA:141,0
DA:144,0
DA:145,0
DA:151,0
DA:153,0
DA:155,0
DA:156,0
DA:162,0
DA:169,0
DA:172,0
DA:175,0
DA:176,0
DA:179,0
DA:183,0
DA:185,0
DA:186,0
DA:188,0
DA:190,0
DA:191,0
DA:192,0
DA:197,1
DA:199,1
DA:200,1
DA:207,1
DA:208,3
DA:210,1
DA:211,1
DA:212,1
DA:213,3
DA:215,1
DA:221,4
DA:225,1
DA:227,1
DA:229,1
DA:230,2
DA:233,1
DA:235,1
DA:238,1
DA:240,1
DA:242,0
DA:243,0
DA:244,0
DA:246,0
DA:247,0
DA:248,0
DA:251,0
DA:254,0
DA:258,0
DA:260,0
DA:261,0
DA:265,0
DA:272,2
DA:279,1
DA:281,1
DA:296,1
DA:298,1
DA:301,1
DA:303,0
DA:304,0
DA:313,1
DA:315,2
DA:316,3
DA:319,1
DA:323,3
LF:122
LH:80
end_of_record
SF:lib\presentation\pages\top_rated_televisi_page.dart
DA:9,1
DA:11,1
DA:12,1
DA:16,1
DA:18,1
DA:19,1
DA:20,5
DA:23,1
DA:25,1
DA:26,1
DA:29,1
DA:31,1
DA:32,1
DA:33,1
DA:37,1
DA:38,1
DA:39,1
DA:40,2
DA:41,1
DA:43,2
DA:45,1
DA:46,1
DA:48,2
LF:23
LH:23
end_of_record
